<?xml version="1.0" encoding="UTF-8"?>
<!-- Generated by org.testng.reporters.JUnitXMLReporter -->
<testsuite ignored="0" hostname="KSTQATester" failures="0" tests="7" name="Test" time="5.197" errors="0" timestamp="2022-08-23T21:19:53 WIB">
  <testcase classname="com.juaracoding.restassured.TestCRUD" name="testDelete" time="0.012"/>
  <testcase classname="com.juaracoding.restassured.TestCRUD" name="testPatch" time="0.002"/>
  <testcase classname="com.juaracoding.restassured.TestCRUD" name="testPost" time="3.519"/>
  <testcase classname="com.juaracoding.restassured.TestCRUD" name="testPut" time="0.003"/>
  <testcase classname="com.juaracoding.restassured.TestGetAllUser" name="testIdOne" time="1.134"/>
  <testcase classname="com.juaracoding.restassured.TestGetAllUser" name="testIdTwo" time="0.232"/>
  <testcase classname="com.juaracoding.restassured.TestGetAllUser" name="testStatusCode" time="0.216"/>
</testsuite> <!-- Test -->
